  Application2D.cpp
c:\users\eric\documents\cit aie\usb backup\assignments\data structures and algorithms\game state manager - custom containers - finished\project2d\RockSpawner.h(10): warning C4244: 'argument': conversion from 'int' to 'float', possible loss of data
c:\users\eric\documents\cit aie\usb backup\assignments\data structures and algorithms\game state manager - custom containers - finished\project2d\RockSpawner.h(14): warning C4244: 'argument': conversion from 'int' to 'float', possible loss of data
c:\users\eric\documents\cit aie\usb backup\assignments\data structures and algorithms\game state manager - custom containers - finished\project2d\RockSpawner.h(18): warning C4244: 'argument': conversion from 'int' to 'float', possible loss of data
c:\users\eric\documents\cit aie\usb backup\assignments\data structures and algorithms\game state manager - custom containers - finished\project2d\RockSpawner.h(22): warning C4244: 'argument': conversion from 'int' to 'float', possible loss of data
c:\users\eric\documents\cit aie\usb backup\assignments\data structures and algorithms\game state manager - custom containers - finished\project2d\DynamicArray.h(33): warning C4018: '<': signed/unsigned mismatch
  c:\users\eric\documents\cit aie\usb backup\assignments\data structures and algorithms\game state manager - custom containers - finished\project2d\DynamicArray.h(28): note: while compiling class template member function 'void DynamicArray<K>::operator =(const DynamicArray<K> &)'
          with
          [
              K=int
          ]
  Application2D.cpp(25): note: see reference to function template instantiation 'void DynamicArray<K>::operator =(const DynamicArray<K> &)' being compiled
          with
          [
              K=int
          ]
  c:\users\eric\documents\cit aie\usb backup\assignments\data structures and algorithms\game state manager - custom containers - finished\project2d\Application2D.h(26): note: see reference to class template instantiation 'DynamicArray<K>' being compiled
          with
          [
              K=int
          ]
c:\users\eric\documents\cit aie\usb backup\assignments\data structures and algorithms\game state manager - custom containers - finished\project2d\DynamicArray.h(98): warning C4018: '<': signed/unsigned mismatch
  c:\users\eric\documents\cit aie\usb backup\assignments\data structures and algorithms\game state manager - custom containers - finished\project2d\DynamicArray.h(90): note: while compiling class template member function 'void DynamicArray<K>::expand(void)'
          with
          [
              K=int
          ]
  c:\users\eric\documents\cit aie\usb backup\assignments\data structures and algorithms\game state manager - custom containers - finished\project2d\DynamicArray.h(46): note: see reference to function template instantiation 'void DynamicArray<K>::expand(void)' being compiled
          with
          [
              K=int
          ]
  GameOverState.cpp
GameOverState.cpp(29): warning C4244: 'argument': conversion from 'unsigned int' to 'float', possible loss of data
GameOverState.cpp(35): warning C4244: 'argument': conversion from 'unsigned int' to 'float', possible loss of data
GameOverState.cpp(41): warning C4244: 'argument': conversion from 'unsigned int' to 'float', possible loss of data
  GameState.cpp
c:\users\eric\documents\cit aie\usb backup\assignments\data structures and algorithms\game state manager - custom containers - finished\project2d\RockSpawner.h(10): warning C4244: 'argument': conversion from 'int' to 'float', possible loss of data
c:\users\eric\documents\cit aie\usb backup\assignments\data structures and algorithms\game state manager - custom containers - finished\project2d\RockSpawner.h(14): warning C4244: 'argument': conversion from 'int' to 'float', possible loss of data
c:\users\eric\documents\cit aie\usb backup\assignments\data structures and algorithms\game state manager - custom containers - finished\project2d\RockSpawner.h(18): warning C4244: 'argument': conversion from 'int' to 'float', possible loss of data
c:\users\eric\documents\cit aie\usb backup\assignments\data structures and algorithms\game state manager - custom containers - finished\project2d\RockSpawner.h(22): warning C4244: 'argument': conversion from 'int' to 'float', possible loss of data
GameState.cpp(6): warning C4244: 'argument': conversion from 'unsigned int' to 'float', possible loss of data
GameState.cpp(98): warning C4018: '<': signed/unsigned mismatch
GameState.cpp(128): warning C4018: '<': signed/unsigned mismatch
GameState.cpp(153): warning C4244: 'argument': conversion from 'unsigned int' to 'float', possible loss of data
GameState.cpp(161): warning C4244: 'argument': conversion from 'unsigned int' to 'float', possible loss of data
GameState.cpp(165): warning C4244: 'argument': conversion from 'unsigned int' to 'float', possible loss of data
GameState.cpp(169): warning C4244: 'argument': conversion from 'unsigned int' to 'float', possible loss of data
GameState.cpp(174): warning C4244: 'argument': conversion from 'unsigned int' to 'float', possible loss of data
GameState.cpp(186): warning C4018: '<': signed/unsigned mismatch
GameState.cpp(193): warning C4018: '<': signed/unsigned mismatch
  Generating code
  104 of 2355 functions ( 4.4%) were compiled, the rest were copied from previous compilation.
    2 functions were new in current compilation
    0 functions had inline decision re-evaluated but remain unchanged
  Finished generating code
  Project2D.vcxproj -> C:\Users\Eric\Documents\CIT AIE\USB Backup\Assignments\Data Structures and Algorithms\Game State Manager - Custom Containers - Finished\temp\Project2D\Release\Project2D.exe
  Project2D.vcxproj -> C:\Users\Eric\Documents\CIT AIE\USB Backup\Assignments\Data Structures and Algorithms\Game State Manager - Custom Containers - Finished\temp\Project2D\Release\Project2D.pdb (Full PDB)
